<?xml version="1.0" encoding="UTF-8"?>
<!DOCTYPE html PUBLIC "-//W3C//DTD XHTML 1.0 Strict//EN" "http://www.w3.org/TR/xhtml1/DTD/xhtml1-strict.dtd">
<html xmlns="http://www.w3.org/1999/xhtml">
<head>
    <title>API boundary tests</title>
    <meta name="generator" content="HTMLTestRunner 0.8.2"/>
    <meta http-equiv="Content-Type" content="text/html; charset=UTF-8"/>
    
<style type="text/css" media="screen">
body        { font-family: verdana, arial, helvetica, sans-serif; font-size: 80%; }
table       { font-size: 100%; }
pre         { }

/* -- heading ---------------------------------------------------------------------- */
h1 {
	font-size: 16pt;
	color: gray;
}
.heading {
    margin-top: 0ex;
    margin-bottom: 1ex;
}

.heading .attribute {
    margin-top: 1ex;
    margin-bottom: 0;
}

.heading .description {
    margin-top: 4ex;
    margin-bottom: 6ex;
}

/* -- css div popup ------------------------------------------------------------------------ */
a.popup_link {
}

a.popup_link:hover {
    color: red;
}

.popup_window {
    display: none;
    position: relative;
    left: 0px;
    top: 0px;
    /*border: solid #627173 1px; */
    padding: 0 2px 0 10px;
    background-color: #E6E6D6;
    font-family: "Lucida Console", "Courier New", Courier, monospace;
    text-align: left;
    font-size: 8pt;
    width: 97%;
}

.popup_window pre::first-line{
    font-size:14px;
    font-weight:bold;
}

/* -- report ------------------------------------------------------------------------ */
#show_detail_line {
    margin-top: 3ex;
    margin-bottom: 1ex;
}
#result_table {
    width: 80%;
    border-collapse: collapse;
    border: 1px solid #777;
}
#header_row {
    font-weight: bold;
    color: white;
    background-color: #777;
}
#result_table td {
    border: 1px solid #777;
    padding: 2px;
}
#total_row  { font-weight: bold; }
.passClass  { background-color: #6c6; }
.failClass  { background-color: #c60; }
.errorClass { background-color: #c00; }
.passCase   { color: green; }
.failCase   { color: red; font-weight: bold; }
.errorCase  { color: #c00; font-weight: bold; }
.hiddenRow  { display: none; }
.testcase   { margin-left: 2em; }


/* -- ending ---------------------------------------------------------------------- */
#ending {
}

</style>

</head>
<body>
<script language="javascript" type="text/javascript"><!--
output_list = Array();

/* level - 0:Summary; 1:Failed; 2:All */
function showCase(level) {
    trs = document.getElementsByTagName("tr");
    for (var i = 0; i < trs.length; i++) {
        tr = trs[i];
        id = tr.id;
        if (id.substr(0,2) == 'ft') {
            if (level < 1) {
                tr.className = 'hiddenRow';
            }
            else {
                tr.className = '';
            }
        }
        if (id.substr(0,2) == 'pt') {
            if (level > 1) {
                tr.className = '';
            }
            else {
                tr.className = 'hiddenRow';
            }
        }
    }
}


function showClassDetail(cid, count) {
    var id_list = Array(count);
    var toHide = 1;
    for (var i = 0; i < count; i++) {
        tid0 = 't' + cid.substr(1) + '.' + (i+1);
        tid = 'f' + tid0;
        tr = document.getElementById(tid);
        if (!tr) {
            tid = 'p' + tid0;
            tr = document.getElementById(tid);
        }
        id_list[i] = tid;
        if (tr.className) {
            toHide = 0;
        }
    }
    for (var i = 0; i < count; i++) {
        tid = id_list[i];
        if (toHide) {
            document.getElementById('div_'+tid).style.display = 'none'
            document.getElementById(tid).className = 'hiddenRow';
        }
        else {
            document.getElementById(tid).className = '';
        }
    }
}


function showTestDetail(div_id){
    var details_div = document.getElementById(div_id)
    var displayState = details_div.style.display
    // alert(displayState)
    if (displayState != 'block' ) {
        displayState = 'block'
        details_div.style.display = 'block'
    }
    else {
        details_div.style.display = 'none'
    }
}


function html_escape(s) {
    s = s.replace(/&/g,'&amp;');
    s = s.replace(/</g,'&lt;');
    s = s.replace(/>/g,'&gt;');
    return s;
}

/* obsoleted by detail in <div>
function showOutput(id, name) {
    var w = window.open("", //url
                    name,
                    "resizable,scrollbars,status,width=800,height=450");
    d = w.document;
    d.write("<pre>");
    d.write(html_escape(output_list[id]));
    d.write("\n");
    d.write("<a href='javascript:window.close()'>close</a>\n");
    d.write("</pre>\n");
    d.close();
}
*/
--></script>

<div class='heading'>
<h1>API boundary tests</h1>
<p class='attribute'><strong>Start Time:</strong> 2016-05-13 15:18:24</p>
<p class='attribute'><strong>Duration:</strong> 0:00:08.372290</p>
<p class='attribute'><strong>Status:</strong> Pass 14 Error 24</p>

<p class='description'>This test result gives the details of the test runs of all the boundary value assertions.</p>
</div>



<p id='show_detail_line'>Show
<a href='javascript:showCase(0)'>Summary</a>
<a href='javascript:showCase(1)'>Failed</a>
<a href='javascript:showCase(2)'>All</a>
</p>
<table id='result_table'>
<colgroup>
<col align='left' />
<col align='right' />
<col align='right' />
<col align='right' />
<col align='right' />
<col align='right' />
</colgroup>
<tr id='header_row'>
    <td>Test Group/Test case</td>
    <td>Count</td>
    <td>Pass</td>
    <td>Fail</td>
    <td>Error</td>
    <td>View</td>
</tr>

<tr class='errorClass'>
    <td>api_projectkeyword.ProjectKeywordAPI</td>
    <td>4</td>
    <td>0</td>
    <td>0</td>
    <td>4</td>
    <td><a href="javascript:showClassDetail('c1',4)">Detail</a></td>
</tr>

<tr id='ft1.1' class='none'>
    <td class='errorCase'><div class='testcase'>test_estimated_traffic</div></td>
    <td colspan='5' align='center'>

    <!--css div popup start-->
    <a class="popup_link" onfocus='this.blur();' href="javascript:showTestDetail('div_ft1.1')" >
        error</a>

    <div id='div_ft1.1' class="popup_window">
        <div style='text-align: right; color:red;cursor:pointer'>
        <a onfocus='this.blur();' onclick="document.getElementById('div_ft1.1').style.display = 'none' " >
           [x]</a>
        </div>
        <pre>
        
ft1.1: Traceback (most recent call last):
  File "/home/10613/alps_automation/Test_Automation/alps_api_automation/api_projectkeyword.py", line 67, in test_estimated_traffic
    self.comparator('estimated_traffic')
  File "/home/10613/alps_automation/Test_Automation/alps_api_automation/api_projectkeyword.py", line 54, in comparator
    self.csv_writer.writerow([metric,' Failed '+str(actual_lookup['4']['keyword']),exc_traceback,exc_type,exc_value])
KeyError: '4'


        </pre>
    </div>
    <!--css div popup end-->

    </td>
</tr>

<tr id='ft1.2' class='none'>
    <td class='errorCase'><div class='testcase'>test_estimated_traffic_day</div></td>
    <td colspan='5' align='center'>

    <!--css div popup start-->
    <a class="popup_link" onfocus='this.blur();' href="javascript:showTestDetail('div_ft1.2')" >
        error</a>

    <div id='div_ft1.2' class="popup_window">
        <div style='text-align: right; color:red;cursor:pointer'>
        <a onfocus='this.blur();' onclick="document.getElementById('div_ft1.2').style.display = 'none' " >
           [x]</a>
        </div>
        <pre>
        
ft1.2: Traceback (most recent call last):
  File "/home/10613/alps_automation/Test_Automation/alps_api_automation/api_projectkeyword.py", line 69, in test_estimated_traffic_day
    self.comparator('estimated_traffic_day')
  File "/home/10613/alps_automation/Test_Automation/alps_api_automation/api_projectkeyword.py", line 54, in comparator
    self.csv_writer.writerow([metric,' Failed '+str(actual_lookup['4']['keyword']),exc_traceback,exc_type,exc_value])
KeyError: '4'


        </pre>
    </div>
    <!--css div popup end-->

    </td>
</tr>

<tr id='ft1.3' class='none'>
    <td class='errorCase'><div class='testcase'>test_rank</div></td>
    <td colspan='5' align='center'>

    <!--css div popup start-->
    <a class="popup_link" onfocus='this.blur();' href="javascript:showTestDetail('div_ft1.3')" >
        error</a>

    <div id='div_ft1.3' class="popup_window">
        <div style='text-align: right; color:red;cursor:pointer'>
        <a onfocus='this.blur();' onclick="document.getElementById('div_ft1.3').style.display = 'none' " >
           [x]</a>
        </div>
        <pre>
        
ft1.3: Traceback (most recent call last):
  File "/home/10613/alps_automation/Test_Automation/alps_api_automation/api_projectkeyword.py", line 63, in test_rank
    self.comparator('rank')
  File "/home/10613/alps_automation/Test_Automation/alps_api_automation/api_projectkeyword.py", line 54, in comparator
    self.csv_writer.writerow([metric,' Failed '+str(actual_lookup['4']['keyword']),exc_traceback,exc_type,exc_value])
KeyError: '4'


        </pre>
    </div>
    <!--css div popup end-->

    </td>
</tr>

<tr id='ft1.4' class='none'>
    <td class='errorCase'><div class='testcase'>test_search_volume</div></td>
    <td colspan='5' align='center'>

    <!--css div popup start-->
    <a class="popup_link" onfocus='this.blur();' href="javascript:showTestDetail('div_ft1.4')" >
        error</a>

    <div id='div_ft1.4' class="popup_window">
        <div style='text-align: right; color:red;cursor:pointer'>
        <a onfocus='this.blur();' onclick="document.getElementById('div_ft1.4').style.display = 'none' " >
           [x]</a>
        </div>
        <pre>
        
ft1.4: Traceback (most recent call last):
  File "/home/10613/alps_automation/Test_Automation/alps_api_automation/api_projectkeyword.py", line 65, in test_search_volume
    self.comparator('search_volume')
  File "/home/10613/alps_automation/Test_Automation/alps_api_automation/api_projectkeyword.py", line 54, in comparator
    self.csv_writer.writerow([metric,' Failed '+str(actual_lookup['4']['keyword']),exc_traceback,exc_type,exc_value])
KeyError: '4'


        </pre>
    </div>
    <!--css div popup end-->

    </td>
</tr>

<tr class='errorClass'>
    <td>api_projectkeyworddetail.ProjectKeywordDetailAPI</td>
    <td>2</td>
    <td>0</td>
    <td>0</td>
    <td>2</td>
    <td><a href="javascript:showClassDetail('c2',2)">Detail</a></td>
</tr>

<tr id='ft2.1' class='none'>
    <td class='errorCase'><div class='testcase'>test_rank</div></td>
    <td colspan='5' align='center'>

    <!--css div popup start-->
    <a class="popup_link" onfocus='this.blur();' href="javascript:showTestDetail('div_ft2.1')" >
        error</a>

    <div id='div_ft2.1' class="popup_window">
        <div style='text-align: right; color:red;cursor:pointer'>
        <a onfocus='this.blur();' onclick="document.getElementById('div_ft2.1').style.display = 'none' " >
           [x]</a>
        </div>
        <pre>
        
ft2.1: Traceback (most recent call last):
  File "/home/10613/alps_automation/Test_Automation/alps_api_automation/api_projectkeyworddetail.py", line 47, in test_rank
    self.comparator('rank')
  File "/home/10613/alps_automation/Test_Automation/alps_api_automation/api_projectkeyworddetail.py", line 45, in comparator
    self.csv_writer.writerow([metric,' Failed '+str(actual_lookup.values()[0]['keyword']),exc_traceback,exc_type,exc_value])
IndexError: list index out of range


        </pre>
    </div>
    <!--css div popup end-->

    </td>
</tr>

<tr id='ft2.2' class='none'>
    <td class='errorCase'><div class='testcase'>test_search_volume</div></td>
    <td colspan='5' align='center'>

    <!--css div popup start-->
    <a class="popup_link" onfocus='this.blur();' href="javascript:showTestDetail('div_ft2.2')" >
        error</a>

    <div id='div_ft2.2' class="popup_window">
        <div style='text-align: right; color:red;cursor:pointer'>
        <a onfocus='this.blur();' onclick="document.getElementById('div_ft2.2').style.display = 'none' " >
           [x]</a>
        </div>
        <pre>
        
ft2.2: Traceback (most recent call last):
  File "/home/10613/alps_automation/Test_Automation/alps_api_automation/api_projectkeyworddetail.py", line 49, in test_search_volume
    self.comparator('search_volume')
  File "/home/10613/alps_automation/Test_Automation/alps_api_automation/api_projectkeyworddetail.py", line 45, in comparator
    self.csv_writer.writerow([metric,' Failed '+str(actual_lookup.values()[0]['keyword']),exc_traceback,exc_type,exc_value])
IndexError: list index out of range


        </pre>
    </div>
    <!--css div popup end-->

    </td>
</tr>

<tr class='errorClass'>
    <td>api_projectkeywordestimated.TestProjectKeywordEstimated</td>
    <td>20</td>
    <td>3</td>
    <td>0</td>
    <td>17</td>
    <td><a href="javascript:showClassDetail('c3',20)">Detail</a></td>
</tr>

<tr id='ft3.1' class='none'>
    <td class='errorCase'><div class='testcase'>test_conversion_rate</div></td>
    <td colspan='5' align='center'>

    <!--css div popup start-->
    <a class="popup_link" onfocus='this.blur();' href="javascript:showTestDetail('div_ft3.1')" >
        error</a>

    <div id='div_ft3.1' class="popup_window">
        <div style='text-align: right; color:red;cursor:pointer'>
        <a onfocus='this.blur();' onclick="document.getElementById('div_ft3.1').style.display = 'none' " >
           [x]</a>
        </div>
        <pre>
        
ft3.1: Traceback (most recent call last):
  File "/home/10613/alps_automation/Test_Automation/alps_api_automation/api_projectkeywordestimated.py", line 123, in test_conversion_rate
    expected = values[field]
KeyError: 'conversion_rate'


        </pre>
    </div>
    <!--css div popup end-->

    </td>
</tr>

<tr id='ft3.2' class='none'>
    <td class='errorCase'><div class='testcase'>test_conversion_rate_prev</div></td>
    <td colspan='5' align='center'>

    <!--css div popup start-->
    <a class="popup_link" onfocus='this.blur();' href="javascript:showTestDetail('div_ft3.2')" >
        error</a>

    <div id='div_ft3.2' class="popup_window">
        <div style='text-align: right; color:red;cursor:pointer'>
        <a onfocus='this.blur();' onclick="document.getElementById('div_ft3.2').style.display = 'none' " >
           [x]</a>
        </div>
        <pre>
        
ft3.2: Traceback (most recent call last):
  File "/home/10613/alps_automation/Test_Automation/alps_api_automation/api_projectkeywordestimated.py", line 237, in test_conversion_rate_prev
    expected = values[field]
KeyError: 'conversion_rate_prev'


        </pre>
    </div>
    <!--css div popup end-->

    </td>
</tr>

<tr id='pt3.3' class='hiddenRow'>
    <td class='none'><div class='testcase'>test_estimated_conversion</div></td>
    <td colspan='5' align='center'>pass</td>
</tr>

<tr id='ft3.4' class='none'>
    <td class='errorCase'><div class='testcase'>test_estimated_conversion_mom</div></td>
    <td colspan='5' align='center'>

    <!--css div popup start-->
    <a class="popup_link" onfocus='this.blur();' href="javascript:showTestDetail('div_ft3.4')" >
        error</a>

    <div id='div_ft3.4' class="popup_window">
        <div style='text-align: right; color:red;cursor:pointer'>
        <a onfocus='this.blur();' onclick="document.getElementById('div_ft3.4').style.display = 'none' " >
           [x]</a>
        </div>
        <pre>
        
ft3.4: Traceback (most recent call last):
  File "/home/10613/alps_automation/Test_Automation/alps_api_automation/api_projectkeywordestimated.py", line 189, in test_estimated_conversion_mom
    response = self.assert_actual_expected(theme_name, field, actual, expected)
NameError: global name 'theme_name' is not defined


        </pre>
    </div>
    <!--css div popup end-->

    </td>
</tr>

<tr id='ft3.5' class='none'>
    <td class='errorCase'><div class='testcase'>test_estimated_conversion_mom_percentage</div></td>
    <td colspan='5' align='center'>

    <!--css div popup start-->
    <a class="popup_link" onfocus='this.blur();' href="javascript:showTestDetail('div_ft3.5')" >
        error</a>

    <div id='div_ft3.5' class="popup_window">
        <div style='text-align: right; color:red;cursor:pointer'>
        <a onfocus='this.blur();' onclick="document.getElementById('div_ft3.5').style.display = 'none' " >
           [x]</a>
        </div>
        <pre>
        
ft3.5: Traceback (most recent call last):
  File "/home/10613/alps_automation/Test_Automation/alps_api_automation/api_projectkeywordestimated.py", line 225, in test_estimated_conversion_mom_percentage
    response = self.assert_actual_expected(theme_name, field, actual, expected)
NameError: global name 'theme_name' is not defined


        </pre>
    </div>
    <!--css div popup end-->

    </td>
</tr>

<tr id='ft3.6' class='none'>
    <td class='errorCase'><div class='testcase'>test_estimated_conversion_prev</div></td>
    <td colspan='5' align='center'>

    <!--css div popup start-->
    <a class="popup_link" onfocus='this.blur();' href="javascript:showTestDetail('div_ft3.6')" >
        error</a>

    <div id='div_ft3.6' class="popup_window">
        <div style='text-align: right; color:red;cursor:pointer'>
        <a onfocus='this.blur();' onclick="document.getElementById('div_ft3.6').style.display = 'none' " >
           [x]</a>
        </div>
        <pre>
        
ft3.6: Traceback (most recent call last):
  File "/home/10613/alps_automation/Test_Automation/alps_api_automation/api_projectkeywordestimated.py", line 165, in test_estimated_conversion_prev
    response = self.assert_actual_expected(theme_name, field, actual, expected)
NameError: global name 'theme_name' is not defined


        </pre>
    </div>
    <!--css div popup end-->

    </td>
</tr>

<tr id='ft3.7' class='none'>
    <td class='errorCase'><div class='testcase'>test_estimated_sales</div></td>
    <td colspan='5' align='center'>

    <!--css div popup start-->
    <a class="popup_link" onfocus='this.blur();' href="javascript:showTestDetail('div_ft3.7')" >
        error</a>

    <div id='div_ft3.7' class="popup_window">
        <div style='text-align: right; color:red;cursor:pointer'>
        <a onfocus='this.blur();' onclick="document.getElementById('div_ft3.7').style.display = 'none' " >
           [x]</a>
        </div>
        <pre>
        
ft3.7: Traceback (most recent call last):
  File "/home/10613/alps_automation/Test_Automation/alps_api_automation/api_projectkeywordestimated.py", line 213, in test_estimated_sales
    response = self.assert_actual_expected(theme_name, field, actual, expected)
NameError: global name 'theme_name' is not defined


        </pre>
    </div>
    <!--css div popup end-->

    </td>
</tr>

<tr id='ft3.8' class='none'>
    <td class='errorCase'><div class='testcase'>test_estimated_sales_mom</div></td>
    <td colspan='5' align='center'>

    <!--css div popup start-->
    <a class="popup_link" onfocus='this.blur();' href="javascript:showTestDetail('div_ft3.8')" >
        error</a>

    <div id='div_ft3.8' class="popup_window">
        <div style='text-align: right; color:red;cursor:pointer'>
        <a onfocus='this.blur();' onclick="document.getElementById('div_ft3.8').style.display = 'none' " >
           [x]</a>
        </div>
        <pre>
        
ft3.8: Traceback (most recent call last):
  File "/home/10613/alps_automation/Test_Automation/alps_api_automation/api_projectkeywordestimated.py", line 249, in test_estimated_sales_mom
    response = self.assert_actual_expected(theme_name, field, actual, expected)
NameError: global name 'theme_name' is not defined


        </pre>
    </div>
    <!--css div popup end-->

    </td>
</tr>

<tr id='ft3.9' class='none'>
    <td class='errorCase'><div class='testcase'>test_estimated_sales_mom_percentage</div></td>
    <td colspan='5' align='center'>

    <!--css div popup start-->
    <a class="popup_link" onfocus='this.blur();' href="javascript:showTestDetail('div_ft3.9')" >
        error</a>

    <div id='div_ft3.9' class="popup_window">
        <div style='text-align: right; color:red;cursor:pointer'>
        <a onfocus='this.blur();' onclick="document.getElementById('div_ft3.9').style.display = 'none' " >
           [x]</a>
        </div>
        <pre>
        
ft3.9: Traceback (most recent call last):
  File "/home/10613/alps_automation/Test_Automation/alps_api_automation/api_projectkeywordestimated.py", line 177, in test_estimated_sales_mom_percentage
    response = self.assert_actual_expected(theme_name, field, actual, expected)
NameError: global name 'theme_name' is not defined


        </pre>
    </div>
    <!--css div popup end-->

    </td>
</tr>

<tr id='ft3.10' class='none'>
    <td class='errorCase'><div class='testcase'>test_estimated_sales_prev</div></td>
    <td colspan='5' align='center'>

    <!--css div popup start-->
    <a class="popup_link" onfocus='this.blur();' href="javascript:showTestDetail('div_ft3.10')" >
        error</a>

    <div id='div_ft3.10' class="popup_window">
        <div style='text-align: right; color:red;cursor:pointer'>
        <a onfocus='this.blur();' onclick="document.getElementById('div_ft3.10').style.display = 'none' " >
           [x]</a>
        </div>
        <pre>
        
ft3.10: Traceback (most recent call last):
  File "/home/10613/alps_automation/Test_Automation/alps_api_automation/api_projectkeywordestimated.py", line 201, in test_estimated_sales_prev
    response = self.assert_actual_expected(theme_name, field, actual, expected)
NameError: global name 'theme_name' is not defined


        </pre>
    </div>
    <!--css div popup end-->

    </td>
</tr>

<tr id='ft3.11' class='none'>
    <td class='errorCase'><div class='testcase'>test_estimated_traffic</div></td>
    <td colspan='5' align='center'>

    <!--css div popup start-->
    <a class="popup_link" onfocus='this.blur();' href="javascript:showTestDetail('div_ft3.11')" >
        error</a>

    <div id='div_ft3.11' class="popup_window">
        <div style='text-align: right; color:red;cursor:pointer'>
        <a onfocus='this.blur();' onclick="document.getElementById('div_ft3.11').style.display = 'none' " >
           [x]</a>
        </div>
        <pre>
        
ft3.11: Traceback (most recent call last):
  File "/home/10613/alps_automation/Test_Automation/alps_api_automation/api_projectkeywordestimated.py", line 44, in test_estimated_traffic
    expected = values[field] * utils.mtd_factor_calculator(current=True,previous=False)
KeyError: 'estimated_traffic'


        </pre>
    </div>
    <!--css div popup end-->

    </td>
</tr>

<tr id='ft3.12' class='none'>
    <td class='errorCase'><div class='testcase'>test_estimated_traffic_mom</div></td>
    <td colspan='5' align='center'>

    <!--css div popup start-->
    <a class="popup_link" onfocus='this.blur();' href="javascript:showTestDetail('div_ft3.12')" >
        error</a>

    <div id='div_ft3.12' class="popup_window">
        <div style='text-align: right; color:red;cursor:pointer'>
        <a onfocus='this.blur();' onclick="document.getElementById('div_ft3.12').style.display = 'none' " >
           [x]</a>
        </div>
        <pre>
        
ft3.12: Traceback (most recent call last):
  File "/home/10613/alps_automation/Test_Automation/alps_api_automation/api_projectkeywordestimated.py", line 57, in test_estimated_traffic_mom
    estimated_traffic = values['estimated_traffic'] * utils.mtd_factor_calculator(current=True,previous=False)
KeyError: 'estimated_traffic'


        </pre>
    </div>
    <!--css div popup end-->

    </td>
</tr>

<tr id='ft3.13' class='none'>
    <td class='errorCase'><div class='testcase'>test_estimated_traffic_mom_percentage</div></td>
    <td colspan='5' align='center'>

    <!--css div popup start-->
    <a class="popup_link" onfocus='this.blur();' href="javascript:showTestDetail('div_ft3.13')" >
        error</a>

    <div id='div_ft3.13' class="popup_window">
        <div style='text-align: right; color:red;cursor:pointer'>
        <a onfocus='this.blur();' onclick="document.getElementById('div_ft3.13').style.display = 'none' " >
           [x]</a>
        </div>
        <pre>
        
ft3.13: Traceback (most recent call last):
  File "/home/10613/alps_automation/Test_Automation/alps_api_automation/api_projectkeywordestimated.py", line 72, in test_estimated_traffic_mom_percentage
    estimated_traffic = values['estimated_traffic'] * utils.mtd_factor_calculator(current=True,previous=False)
KeyError: 'estimated_traffic'


        </pre>
    </div>
    <!--css div popup end-->

    </td>
</tr>

<tr id='pt3.14' class='hiddenRow'>
    <td class='none'><div class='testcase'>test_rank</div></td>
    <td colspan='5' align='center'>pass</td>
</tr>

<tr id='ft3.15' class='none'>
    <td class='errorCase'><div class='testcase'>test_rank_mom</div></td>
    <td colspan='5' align='center'>

    <!--css div popup start-->
    <a class="popup_link" onfocus='this.blur();' href="javascript:showTestDetail('div_ft3.15')" >
        error</a>

    <div id='div_ft3.15' class="popup_window">
        <div style='text-align: right; color:red;cursor:pointer'>
        <a onfocus='this.blur();' onclick="document.getElementById('div_ft3.15').style.display = 'none' " >
           [x]</a>
        </div>
        <pre>
        
ft3.15: Traceback (most recent call last):
  File "/home/10613/alps_automation/Test_Automation/alps_api_automation/api_projectkeywordestimated.py", line 111, in test_rank_mom
    expected = values['rank_prev']-values['rank']
TypeError: unsupported operand type(s) for -: 'str' and 'int'


        </pre>
    </div>
    <!--css div popup end-->

    </td>
</tr>

<tr id='ft3.16' class='none'>
    <td class='errorCase'><div class='testcase'>test_sales_rate</div></td>
    <td colspan='5' align='center'>

    <!--css div popup start-->
    <a class="popup_link" onfocus='this.blur();' href="javascript:showTestDetail('div_ft3.16')" >
        error</a>

    <div id='div_ft3.16' class="popup_window">
        <div style='text-align: right; color:red;cursor:pointer'>
        <a onfocus='this.blur();' onclick="document.getElementById('div_ft3.16').style.display = 'none' " >
           [x]</a>
        </div>
        <pre>
        
ft3.16: Traceback (most recent call last):
  File "/home/10613/alps_automation/Test_Automation/alps_api_automation/api_projectkeywordestimated.py", line 153, in test_sales_rate
    expected = values[field]
KeyError: 'sales_rate'


        </pre>
    </div>
    <!--css div popup end-->

    </td>
</tr>

<tr id='ft3.17' class='none'>
    <td class='errorCase'><div class='testcase'>test_sales_rate_prev</div></td>
    <td colspan='5' align='center'>

    <!--css div popup start-->
    <a class="popup_link" onfocus='this.blur();' href="javascript:showTestDetail('div_ft3.17')" >
        error</a>

    <div id='div_ft3.17' class="popup_window">
        <div style='text-align: right; color:red;cursor:pointer'>
        <a onfocus='this.blur();' onclick="document.getElementById('div_ft3.17').style.display = 'none' " >
           [x]</a>
        </div>
        <pre>
        
ft3.17: Traceback (most recent call last):
  File "/home/10613/alps_automation/Test_Automation/alps_api_automation/api_projectkeywordestimated.py", line 140, in test_sales_rate_prev
    expected = values[field]
KeyError: 'sales_rate_prev'


        </pre>
    </div>
    <!--css div popup end-->

    </td>
</tr>

<tr id='pt3.18' class='hiddenRow'>
    <td class='none'><div class='testcase'>test_search_volume</div></td>
    <td colspan='5' align='center'>pass</td>
</tr>

<tr id='ft3.19' class='none'>
    <td class='errorCase'><div class='testcase'>test_search_volume_mom</div></td>
    <td colspan='5' align='center'>

    <!--css div popup start-->
    <a class="popup_link" onfocus='this.blur();' href="javascript:showTestDetail('div_ft3.19')" >
        error</a>

    <div id='div_ft3.19' class="popup_window">
        <div style='text-align: right; color:red;cursor:pointer'>
        <a onfocus='this.blur();' onclick="document.getElementById('div_ft3.19').style.display = 'none' " >
           [x]</a>
        </div>
        <pre>
        
ft3.19: Traceback (most recent call last):
  File "/home/10613/alps_automation/Test_Automation/alps_api_automation/api_projectkeywordestimated.py", line 87, in test_search_volume_mom
    expected = values['search_volume']-values['search_volume_prev']
TypeError: unsupported operand type(s) for -: 'str' and 'str'


        </pre>
    </div>
    <!--css div popup end-->

    </td>
</tr>

<tr id='ft3.20' class='none'>
    <td class='errorCase'><div class='testcase'>test_search_volume_mom_percentage</div></td>
    <td colspan='5' align='center'>

    <!--css div popup start-->
    <a class="popup_link" onfocus='this.blur();' href="javascript:showTestDetail('div_ft3.20')" >
        error</a>

    <div id='div_ft3.20' class="popup_window">
        <div style='text-align: right; color:red;cursor:pointer'>
        <a onfocus='this.blur();' onclick="document.getElementById('div_ft3.20').style.display = 'none' " >
           [x]</a>
        </div>
        <pre>
        
ft3.20: Traceback (most recent call last):
  File "/home/10613/alps_automation/Test_Automation/alps_api_automation/api_projectkeywordestimated.py", line 99, in test_search_volume_mom_percentage
    expected = ((values['search_volume']-values['search_volume_prev'])/values['search_volume_prev'])*100
ZeroDivisionError: integer division or modulo by zero


        </pre>
    </div>
    <!--css div popup end-->

    </td>
</tr>

<tr class='passClass'>
    <td>api_projectkeywordthemes.TestProjectKeywordThemes</td>
    <td>7</td>
    <td>7</td>
    <td>0</td>
    <td>0</td>
    <td><a href="javascript:showClassDetail('c4',7)">Detail</a></td>
</tr>

<tr id='pt4.1' class='hiddenRow'>
    <td class='none'><div class='testcase'>test_avg_rank</div></td>
    <td colspan='5' align='center'>pass</td>
</tr>

<tr id='pt4.2' class='hiddenRow'>
    <td class='none'><div class='testcase'>test_rank_mom</div></td>
    <td colspan='5' align='center'>pass</td>
</tr>

<tr id='pt4.3' class='hiddenRow'>
    <td class='none'><div class='testcase'>test_search_volume</div></td>
    <td colspan='5' align='center'>pass</td>
</tr>

<tr id='pt4.4' class='hiddenRow'>
    <td class='none'><div class='testcase'>test_search_volume_mom</div></td>
    <td colspan='5' align='center'>pass</td>
</tr>

<tr id='pt4.5' class='hiddenRow'>
    <td class='none'><div class='testcase'>test_traffic</div></td>
    <td colspan='5' align='center'>pass</td>
</tr>

<tr id='pt4.6' class='hiddenRow'>
    <td class='none'><div class='testcase'>test_traffic_mom</div></td>
    <td colspan='5' align='center'>pass</td>
</tr>

<tr id='pt4.7' class='hiddenRow'>
    <td class='none'><div class='testcase'>test_traffic_mom_percentage</div></td>
    <td colspan='5' align='center'>pass</td>
</tr>

<tr class='errorClass'>
    <td>api_projectkeywordsrollup.TestProjectKeywordRollup</td>
    <td>1</td>
    <td>0</td>
    <td>0</td>
    <td>1</td>
    <td><a href="javascript:showClassDetail('c5',1)">Detail</a></td>
</tr>

<tr id='ft5.1' class='none'>
    <td class='errorCase'><div class='testcase'>test_search_volume</div></td>
    <td colspan='5' align='center'>

    <!--css div popup start-->
    <a class="popup_link" onfocus='this.blur();' href="javascript:showTestDetail('div_ft5.1')" >
        error</a>

    <div id='div_ft5.1' class="popup_window">
        <div style='text-align: right; color:red;cursor:pointer'>
        <a onfocus='this.blur();' onclick="document.getElementById('div_ft5.1').style.display = 'none' " >
           [x]</a>
        </div>
        <pre>
        
ft5.1: Traceback (most recent call last):
  File "/home/10613/alps_automation/Test_Automation/alps_api_automation/api_projectkeywordsrollup.py", line 16, in test_search_volume
    actual = self.actual_rollup_lookup[alias_name][field]
KeyError: '__me__'


        </pre>
    </div>
    <!--css div popup end-->

    </td>
</tr>

<tr class='passClass'>
    <td>api_projectpagecontentdetail_on_page.TestProjectPageContentDetails</td>
    <td>1</td>
    <td>1</td>
    <td>0</td>
    <td>0</td>
    <td><a href="javascript:showClassDetail('c6',1)">Detail</a></td>
</tr>

<tr id='pt6.1' class='hiddenRow'>
    <td class='none'><div class='testcase'>test_base_domain</div></td>
    <td colspan='5' align='center'>pass</td>
</tr>

<tr class='passClass'>
    <td>api_projectthemegraph.ProjectThemeGraphAPI</td>
    <td>3</td>
    <td>3</td>
    <td>0</td>
    <td>0</td>
    <td><a href="javascript:showClassDetail('c7',3)">Detail</a></td>
</tr>

<tr id='pt7.1' class='hiddenRow'>
    <td class='none'><div class='testcase'>test_total_monthly_search_volume</div></td>
    <td colspan='5' align='center'>pass</td>
</tr>

<tr id='pt7.2' class='hiddenRow'>
    <td class='none'><div class='testcase'>test_total_traffic</div></td>
    <td colspan='5' align='center'>pass</td>
</tr>

<tr id='pt7.3' class='hiddenRow'>
    <td class='none'><div class='testcase'>test_weighted_rank</div></td>
    <td colspan='5' align='center'>pass</td>
</tr>

<tr id='total_row'>
    <td>Total</td>
    <td>38</td>
    <td>14</td>
    <td>0</td>
    <td>24</td>
    <td>&nbsp;</td>
</tr>
</table>

<div id='ending'>&nbsp;</div>

</body>
</html>
